<?xml version="1.0" encoding="UTF-8"?>
<coverage generated="1772922801045" clover="3.2.0">
  <project timestamp="1772922801045" name="All files">
    <metrics statements="181" coveredstatements="153" conditionals="137" coveredconditionals="92" methods="29" coveredmethods="22" elements="347" coveredelements="267" complexity="0" loc="181" ncloc="181" packages="1" files="1" classes="1"/>
    <file name="index.ts" path="/Users/renga/Documents/job/projects/clinicaltrials-mcp-server/src/index.ts">
      <metrics statements="181" coveredstatements="153" conditionals="137" coveredconditionals="92" methods="29" coveredmethods="22"/>
      <line num="10" count="1" type="stmt"/>
      <line num="51" count="1" type="stmt"/>
      <line num="66" count="1" type="stmt"/>
      <line num="81" count="1" type="stmt"/>
      <line num="96" count="1" type="stmt"/>
      <line num="115" count="1" type="stmt"/>
      <line num="133" count="1" type="stmt"/>
      <line num="148" count="1" type="stmt"/>
      <line num="163" count="1" type="stmt"/>
      <line num="187" count="12" type="stmt"/>
      <line num="201" count="12" type="stmt"/>
      <line num="205" count="12" type="stmt"/>
      <line num="219" count="12" type="stmt"/>
      <line num="230" count="12" type="stmt"/>
      <line num="231" count="0" type="cond" truecount="0" falsecount="2"/>
      <line num="232" count="0" type="stmt"/>
      <line num="253" count="0" type="stmt"/>
      <line num="256" count="12" type="stmt"/>
      <line num="272" count="12" type="stmt"/>
      <line num="273" count="0" type="cond" truecount="0" falsecount="2"/>
      <line num="274" count="0" type="stmt"/>
      <line num="275" count="0" type="stmt"/>
      <line num="288" count="0" type="stmt"/>
      <line num="291" count="12" type="stmt"/>
      <line num="292" count="0" type="stmt"/>
      <line num="293" count="0" type="stmt"/>
      <line num="298" count="16" type="stmt"/>
      <line num="299" count="16" type="cond" truecount="2" falsecount="0"/>
      <line num="300" count="2" type="cond" truecount="1" falsecount="0"/>
      <line num="304" count="2" type="stmt"/>
      <line num="306" count="2" type="cond" truecount="1" falsecount="1"/>
      <line num="307" count="2" type="cond" truecount="2" falsecount="2"/>
      <line num="308" count="2" type="cond" truecount="2" falsecount="2"/>
      <line num="310" count="2" type="stmt"/>
      <line num="312" count="2" type="stmt"/>
      <line num="313" count="2" type="cond" truecount="2" falsecount="0"/>
      <line num="314" count="1" type="stmt"/>
      <line num="315" count="1" type="stmt"/>
      <line num="317" count="1" type="stmt"/>
      <line num="320" count="1" type="stmt"/>
      <line num="330" count="1" type="stmt"/>
      <line num="338" count="14" type="cond" truecount="2" falsecount="0"/>
      <line num="339" count="2" type="stmt"/>
      <line num="341" count="2" type="stmt"/>
      <line num="343" count="2" type="stmt"/>
      <line num="344" count="2" type="cond" truecount="2" falsecount="0"/>
      <line num="345" count="1" type="stmt"/>
      <line num="346" count="1" type="stmt"/>
      <line num="348" count="1" type="stmt"/>
      <line num="351" count="1" type="stmt"/>
      <line num="352" count="1" type="stmt"/>
      <line num="353" count="3" type="cond" truecount="1" falsecount="1"/>
      <line num="354" count="3" type="stmt"/>
      <line num="355" count="3" type="cond" truecount="2" falsecount="0"/>
      <line num="359" count="1" type="stmt"/>
      <line num="360" count="1" type="stmt"/>
      <line num="361" count="2" type="stmt"/>
      <line num="363" count="1" type="stmt"/>
      <line num="371" count="12" type="cond" truecount="2" falsecount="0"/>
      <line num="372" count="1" type="stmt"/>
      <line num="374" count="1" type="stmt"/>
      <line num="376" count="1" type="stmt"/>
      <line num="377" count="1" type="cond" truecount="1" falsecount="1"/>
      <line num="378" count="0" type="stmt"/>
      <line num="379" count="0" type="stmt"/>
      <line num="381" count="1" type="stmt"/>
      <line num="383" count="1" type="stmt"/>
      <line num="385" count="1" type="stmt"/>
      <line num="386" count="2" type="stmt"/>
      <line num="387" count="2" type="cond" truecount="1" falsecount="1"/>
      <line num="388" count="2" type="cond" truecount="1" falsecount="1"/>
      <line num="389" count="2" type="stmt"/>
      <line num="390" count="2" type="stmt"/>
      <line num="392" count="2" type="stmt"/>
      <line num="393" count="2" type="cond" truecount="2" falsecount="0"/>
      <line num="394" count="2" type="cond" truecount="4" falsecount="0"/>
      <line num="395" count="1" type="cond" truecount="2" falsecount="2"/>
      <line num="396" count="1" type="stmt"/>
      <line num="399" count="2" type="cond" truecount="4" falsecount="0"/>
      <line num="400" count="1" type="cond" truecount="2" falsecount="2"/>
      <line num="401" count="1" type="stmt"/>
      <line num="407" count="1" type="stmt"/>
      <line num="408" count="1" type="cond" truecount="2" falsecount="0"/>
      <line num="410" count="1" type="stmt"/>
      <line num="411" count="1" type="stmt"/>
      <line num="412" count="1" type="stmt"/>
      <line num="413" count="1" type="stmt"/>
      <line num="416" count="1" type="cond" truecount="1" falsecount="1"/>
      <line num="417" count="1" type="stmt"/>
      <line num="420" count="1" type="stmt"/>
      <line num="428" count="11" type="cond" truecount="2" falsecount="0"/>
      <line num="429" count="1" type="stmt"/>
      <line num="432" count="1" type="stmt"/>
      <line num="433" count="1" type="stmt"/>
      <line num="434" count="1" type="cond" truecount="1" falsecount="1"/>
      <line num="435" count="1" type="stmt"/>
      <line num="437" count="1" type="cond" truecount="1" falsecount="1"/>
      <line num="441" count="1" type="stmt"/>
      <line num="456" count="1" type="cond" truecount="1" falsecount="1"/>
      <line num="459" count="1" type="stmt"/>
      <line num="461" count="1" type="stmt"/>
      <line num="476" count="10" type="cond" truecount="2" falsecount="0"/>
      <line num="477" count="2" type="stmt"/>
      <line num="479" count="2" type="stmt"/>
      <line num="481" count="2" type="cond" truecount="2" falsecount="0"/>
      <line num="482" count="1" type="stmt"/>
      <line num="483" count="10" type="stmt"/>
      <line num="484" count="10" type="cond" truecount="1" falsecount="1"/>
      <line num="485" count="10" type="stmt"/>
      <line num="486" count="10" type="stmt"/>
      <line num="487" count="10" type="cond" truecount="1" falsecount="1"/>
      <line num="488" count="0" type="stmt"/>
      <line num="489" count="0" type="stmt"/>
      <line num="491" count="10" type="stmt"/>
      <line num="492" count="10" type="cond" truecount="1" falsecount="1"/>
      <line num="495" count="1" type="stmt"/>
      <line num="496" count="9" type="stmt"/>
      <line num="498" count="10" type="cond" truecount="6" falsecount="0"/>
      <line num="500" count="1" type="stmt"/>
      <line num="508" count="1" type="cond" truecount="1" falsecount="1"/>
      <line num="509" count="1" type="stmt"/>
      <line num="522" count="1" type="stmt"/>
      <line num="523" count="10" type="stmt"/>
      <line num="525" count="1" type="stmt"/>
      <line num="534" count="8" type="cond" truecount="2" falsecount="0"/>
      <line num="535" count="1" type="stmt"/>
      <line num="536" count="1" type="stmt"/>
      <line num="537" count="1" type="cond" truecount="1" falsecount="1"/>
      <line num="538" count="1" type="cond" truecount="1" falsecount="1"/>
      <line num="540" count="1" type="cond" truecount="1" falsecount="1"/>
      <line num="543" count="1" type="stmt"/>
      <line num="544" count="1" type="stmt"/>
      <line num="545" count="1" type="cond" truecount="1" falsecount="1"/>
      <line num="546" count="0" type="stmt"/>
      <line num="547" count="0" type="stmt"/>
      <line num="549" count="1" type="stmt"/>
      <line num="551" count="1" type="stmt"/>
      <line num="560" count="1" type="stmt"/>
      <line num="561" count="2" type="stmt"/>
      <line num="562" count="2" type="stmt"/>
      <line num="564" count="2" type="cond" truecount="3" falsecount="1"/>
      <line num="565" count="1" type="cond" truecount="0" falsecount="2"/>
      <line num="566" count="0" type="stmt"/>
      <line num="567" count="0" type="stmt"/>
      <line num="569" count="2" type="cond" truecount="2" falsecount="0"/>
      <line num="572" count="1" type="cond" truecount="1" falsecount="1"/>
      <line num="576" count="1" type="stmt"/>
      <line num="590" count="7" type="cond" truecount="2" falsecount="0"/>
      <line num="591" count="1" type="stmt"/>
      <line num="592" count="1" type="stmt"/>
      <line num="593" count="1" type="stmt"/>
      <line num="594" count="1" type="cond" truecount="1" falsecount="1"/>
      <line num="595" count="1" type="stmt"/>
      <line num="597" count="1" type="stmt"/>
      <line num="598" count="1" type="stmt"/>
      <line num="599" count="2" type="cond" truecount="2" falsecount="0"/>
      <line num="600" count="2" type="cond" truecount="2" falsecount="0"/>
      <line num="603" count="1" type="stmt"/>
      <line num="604" count="1" type="stmt"/>
      <line num="607" count="1" type="cond" truecount="2" falsecount="2"/>
      <line num="609" count="1" type="stmt"/>
      <line num="615" count="2" type="stmt"/>
      <line num="620" count="6" type="cond" truecount="2" falsecount="0"/>
      <line num="621" count="5" type="cond" truecount="1" falsecount="0"/>
      <line num="624" count="5" type="stmt"/>
      <line num="632" count="5" type="stmt"/>
      <line num="640" count="1" type="cond" truecount="1" falsecount="1"/>
      <line num="641" count="0" type="stmt"/>
      <line num="642" count="0" type="stmt"/>
      <line num="643" count="0" type="stmt"/>
      <line num="644" count="0" type="cond" truecount="0" falsecount="2"/>
      <line num="645" count="0" type="stmt"/>
      <line num="646" count="0" type="stmt"/>
      <line num="651" count="1" type="stmt"/>
      <line num="653" count="3" type="stmt"/>
      <line num="661" count="0" type="stmt"/>
      <line num="662" count="0" type="stmt"/>
      <line num="663" count="0" type="stmt"/>
      <line num="668" count="1" type="cond" truecount="1" falsecount="1"/>
      <line num="669" count="0" type="stmt"/>
      <line num="670" count="0" type="stmt"/>
    </file>
  </project>
</coverage>
