{"/Users/renga/Documents/job/projects/clinicaltrials-mcp-server/src/index.ts": {"path":"/Users/renga/Documents/job/projects/clinicaltrials-mcp-server/src/index.ts","statementMap":{"0":{"start":{"line":10,"column":40},"end":{"line":49,"column":null}},"1":{"start":{"line":51,"column":36},"end":{"line":64,"column":null}},"2":{"start":{"line":66,"column":39},"end":{"line":79,"column":null}},"3":{"start":{"line":81,"column":50},"end":{"line":94,"column":null}},"4":{"start":{"line":96,"column":44},"end":{"line":113,"column":null}},"5":{"start":{"line":115,"column":44},"end":{"line":131,"column":null}},"6":{"start":{"line":133,"column":52},"end":{"line":146,"column":null}},"7":{"start":{"line":148,"column":46},"end":{"line":161,"column":null}},"8":{"start":{"line":163,"column":42},"end":{"line":181,"column":null}},"9":{"start":{"line":187,"column":8},"end":{"line":199,"column":null}},"10":{"start":{"line":201,"column":8},"end":{"line":201,"column":null}},"11":{"start":{"line":205,"column":8},"end":{"line":217,"column":null}},"12":{"start":{"line":205,"column":75},"end":{"line":217,"column":10}},"13":{"start":{"line":219,"column":8},"end":{"line":228,"column":null}},"14":{"start":{"line":219,"column":102},"end":{"line":228,"column":10}},"15":{"start":{"line":230,"column":8},"end":{"line":254,"column":null}},"16":{"start":{"line":231,"column":12},"end":{"line":252,"column":null}},"17":{"start":{"line":232,"column":16},"end":{"line":251,"column":null}},"18":{"start":{"line":253,"column":12},"end":{"line":253,"column":null}},"19":{"start":{"line":256,"column":8},"end":{"line":270,"column":null}},"20":{"start":{"line":256,"column":100},"end":{"line":270,"column":10}},"21":{"start":{"line":272,"column":8},"end":{"line":289,"column":null}},"22":{"start":{"line":273,"column":12},"end":{"line":287,"column":null}},"23":{"start":{"line":274,"column":34},"end":{"line":274,"column":null}},"24":{"start":{"line":275,"column":16},"end":{"line":286,"column":null}},"25":{"start":{"line":288,"column":12},"end":{"line":288,"column":null}},"26":{"start":{"line":291,"column":8},"end":{"line":294,"column":null}},"27":{"start":{"line":292,"column":46},"end":{"line":292,"column":null}},"28":{"start":{"line":293,"column":12},"end":{"line":293,"column":null}},"29":{"start":{"line":298,"column":8},"end":{"line":657,"column":null}},"30":{"start":{"line":299,"column":12},"end":{"line":336,"column":null}},"31":{"start":{"line":300,"column":82},"end":{"line":300,"column":null}},"32":{"start":{"line":304,"column":26},"end":{"line":304,"column":null}},"33":{"start":{"line":306,"column":16},"end":{"line":306,"column":null}},"34":{"start":{"line":306,"column":28},"end":{"line":306,"column":null}},"35":{"start":{"line":307,"column":16},"end":{"line":307,"column":null}},"36":{"start":{"line":307,"column":49},"end":{"line":307,"column":null}},"37":{"start":{"line":308,"column":16},"end":{"line":308,"column":null}},"38":{"start":{"line":308,"column":57},"end":{"line":308,"column":null}},"39":{"start":{"line":310,"column":16},"end":{"line":310,"column":null}},"40":{"start":{"line":312,"column":33},"end":{"line":312,"column":null}},"41":{"start":{"line":313,"column":16},"end":{"line":316,"column":null}},"42":{"start":{"line":314,"column":38},"end":{"line":314,"column":null}},"43":{"start":{"line":315,"column":20},"end":{"line":315,"column":null}},"44":{"start":{"line":317,"column":29},"end":{"line":317,"column":null}},"45":{"start":{"line":320,"column":42},"end":{"line":328,"column":null}},"46":{"start":{"line":320,"column":72},"end":{"line":328,"column":18}},"47":{"start":{"line":330,"column":16},"end":{"line":335,"column":null}},"48":{"start":{"line":338,"column":12},"end":{"line":369,"column":null}},"49":{"start":{"line":339,"column":36},"end":{"line":339,"column":null}},"50":{"start":{"line":341,"column":28},"end":{"line":341,"column":null}},"51":{"start":{"line":343,"column":33},"end":{"line":343,"column":null}},"52":{"start":{"line":344,"column":16},"end":{"line":347,"column":null}},"53":{"start":{"line":345,"column":38},"end":{"line":345,"column":null}},"54":{"start":{"line":346,"column":20},"end":{"line":346,"column":null}},"55":{"start":{"line":348,"column":29},"end":{"line":348,"column":null}},"56":{"start":{"line":351,"column":57},"end":{"line":351,"column":null}},"57":{"start":{"line":352,"column":16},"end":{"line":357,"column":null}},"58":{"start":{"line":353,"column":39},"end":{"line":353,"column":null}},"59":{"start":{"line":354,"column":20},"end":{"line":356,"column":null}},"60":{"start":{"line":355,"column":24},"end":{"line":355,"column":null}},"61":{"start":{"line":359,"column":39},"end":{"line":361,"column":null}},"62":{"start":{"line":360,"column":44},"end":{"line":360,"column":49}},"63":{"start":{"line":361,"column":50},"end":{"line":361,"column":71}},"64":{"start":{"line":363,"column":16},"end":{"line":368,"column":null}},"65":{"start":{"line":371,"column":12},"end":{"line":426,"column":null}},"66":{"start":{"line":372,"column":36},"end":{"line":372,"column":null}},"67":{"start":{"line":374,"column":28},"end":{"line":374,"column":null}},"68":{"start":{"line":376,"column":33},"end":{"line":376,"column":null}},"69":{"start":{"line":377,"column":16},"end":{"line":380,"column":null}},"70":{"start":{"line":378,"column":38},"end":{"line":378,"column":null}},"71":{"start":{"line":379,"column":20},"end":{"line":379,"column":null}},"72":{"start":{"line":381,"column":29},"end":{"line":381,"column":null}},"73":{"start":{"line":383,"column":97},"end":{"line":383,"column":null}},"74":{"start":{"line":385,"column":16},"end":{"line":405,"column":null}},"75":{"start":{"line":386,"column":37},"end":{"line":386,"column":null}},"76":{"start":{"line":387,"column":42},"end":{"line":387,"column":null}},"77":{"start":{"line":387,"column":108},"end":{"line":387,"column":114}},"78":{"start":{"line":388,"column":35},"end":{"line":388,"column":null}},"79":{"start":{"line":389,"column":38},"end":{"line":389,"column":null}},"80":{"start":{"line":390,"column":37},"end":{"line":390,"column":null}},"81":{"start":{"line":392,"column":20},"end":{"line":404,"column":null}},"82":{"start":{"line":393,"column":24},"end":{"line":393,"column":null}},"83":{"start":{"line":393,"column":50},"end":{"line":393,"column":null}},"84":{"start":{"line":394,"column":24},"end":{"line":398,"column":null}},"85":{"start":{"line":395,"column":28},"end":{"line":397,"column":null}},"86":{"start":{"line":396,"column":32},"end":{"line":396,"column":null}},"87":{"start":{"line":399,"column":24},"end":{"line":403,"column":null}},"88":{"start":{"line":400,"column":28},"end":{"line":402,"column":null}},"89":{"start":{"line":401,"column":32},"end":{"line":401,"column":null}},"90":{"start":{"line":407,"column":32},"end":{"line":414,"column":null}},"91":{"start":{"line":408,"column":46},"end":{"line":408,"column":85}},"92":{"start":{"line":410,"column":38},"end":{"line":410,"column":null}},"93":{"start":{"line":411,"column":36},"end":{"line":411,"column":null}},"94":{"start":{"line":412,"column":30},"end":{"line":412,"column":null}},"95":{"start":{"line":413,"column":24},"end":{"line":413,"column":null}},"96":{"start":{"line":416,"column":36},"end":{"line":418,"column":null}},"97":{"start":{"line":417,"column":50},"end":{"line":417,"column":85}},"98":{"start":{"line":420,"column":16},"end":{"line":425,"column":null}},"99":{"start":{"line":428,"column":12},"end":{"line":474,"column":null}},"100":{"start":{"line":429,"column":43},"end":{"line":429,"column":null}},"101":{"start":{"line":432,"column":33},"end":{"line":432,"column":null}},"102":{"start":{"line":433,"column":33},"end":{"line":433,"column":null}},"103":{"start":{"line":434,"column":16},"end":{"line":434,"column":null}},"104":{"start":{"line":434,"column":34},"end":{"line":434,"column":null}},"105":{"start":{"line":435,"column":34},"end":{"line":435,"column":null}},"106":{"start":{"line":437,"column":38},"end":{"line":438,"column":null}},"107":{"start":{"line":441,"column":56},"end":{"line":454,"column":null}},"108":{"start":{"line":456,"column":31},"end":{"line":456,"column":null}},"109":{"start":{"line":459,"column":22},"end":{"line":459,"column":null}},"110":{"start":{"line":461,"column":16},"end":{"line":473,"column":null}},"111":{"start":{"line":476,"column":12},"end":{"line":532,"column":null}},"112":{"start":{"line":477,"column":42},"end":{"line":477,"column":null}},"113":{"start":{"line":479,"column":34},"end":{"line":479,"column":null}},"114":{"start":{"line":481,"column":16},"end":{"line":506,"column":null}},"115":{"start":{"line":482,"column":36},"end":{"line":493,"column":null}},"116":{"start":{"line":483,"column":36},"end":{"line":483,"column":null}},"117":{"start":{"line":484,"column":24},"end":{"line":484,"column":null}},"118":{"start":{"line":484,"column":35},"end":{"line":484,"column":null}},"119":{"start":{"line":485,"column":36},"end":{"line":485,"column":null}},"120":{"start":{"line":486,"column":36},"end":{"line":486,"column":null}},"121":{"start":{"line":487,"column":24},"end":{"line":490,"column":null}},"122":{"start":{"line":488,"column":28},"end":{"line":488,"column":null}},"123":{"start":{"line":489,"column":28},"end":{"line":489,"column":null}},"124":{"start":{"line":491,"column":37},"end":{"line":491,"column":null}},"125":{"start":{"line":492,"column":24},"end":{"line":492,"column":null}},"126":{"start":{"line":495,"column":40},"end":{"line":498,"column":null}},"127":{"start":{"line":496,"column":40},"end":{"line":496,"column":57}},"128":{"start":{"line":498,"column":39},"end":{"line":498,"column":140}},"129":{"start":{"line":500,"column":20},"end":{"line":505,"column":null}},"130":{"start":{"line":508,"column":16},"end":{"line":531,"column":null}},"131":{"start":{"line":509,"column":63},"end":{"line":520,"column":null}},"132":{"start":{"line":522,"column":40},"end":{"line":523,"column":null}},"133":{"start":{"line":523,"column":54},"end":{"line":523,"column":86}},"134":{"start":{"line":525,"column":20},"end":{"line":530,"column":null}},"135":{"start":{"line":534,"column":12},"end":{"line":588,"column":null}},"136":{"start":{"line":535,"column":47},"end":{"line":535,"column":null}},"137":{"start":{"line":536,"column":33},"end":{"line":536,"column":null}},"138":{"start":{"line":537,"column":16},"end":{"line":537,"column":null}},"139":{"start":{"line":537,"column":29},"end":{"line":537,"column":null}},"140":{"start":{"line":538,"column":16},"end":{"line":538,"column":null}},"141":{"start":{"line":538,"column":31},"end":{"line":538,"column":null}},"142":{"start":{"line":540,"column":36},"end":{"line":540,"column":null}},"143":{"start":{"line":543,"column":28},"end":{"line":543,"column":null}},"144":{"start":{"line":544,"column":33},"end":{"line":544,"column":null}},"145":{"start":{"line":545,"column":16},"end":{"line":548,"column":null}},"146":{"start":{"line":546,"column":38},"end":{"line":546,"column":null}},"147":{"start":{"line":547,"column":20},"end":{"line":547,"column":null}},"148":{"start":{"line":549,"column":29},"end":{"line":549,"column":null}},"149":{"start":{"line":551,"column":30},"end":{"line":558,"column":null}},"150":{"start":{"line":560,"column":16},"end":{"line":570,"column":null}},"151":{"start":{"line":561,"column":35},"end":{"line":561,"column":null}},"152":{"start":{"line":562,"column":36},"end":{"line":562,"column":null}},"153":{"start":{"line":564,"column":20},"end":{"line":567,"column":null}},"154":{"start":{"line":564,"column":48},"end":{"line":564,"column":null}},"155":{"start":{"line":564,"column":54},"end":{"line":567,"column":null}},"156":{"start":{"line":565,"column":54},"end":{"line":565,"column":null}},"157":{"start":{"line":565,"column":60},"end":{"line":567,"column":null}},"158":{"start":{"line":566,"column":53},"end":{"line":566,"column":null}},"159":{"start":{"line":567,"column":25},"end":{"line":567,"column":null}},"160":{"start":{"line":569,"column":20},"end":{"line":569,"column":null}},"161":{"start":{"line":569,"column":33},"end":{"line":569,"column":null}},"162":{"start":{"line":572,"column":36},"end":{"line":574,"column":null}},"163":{"start":{"line":576,"column":16},"end":{"line":587,"column":null}},"164":{"start":{"line":590,"column":12},"end":{"line":618,"column":null}},"165":{"start":{"line":591,"column":38},"end":{"line":591,"column":null}},"166":{"start":{"line":592,"column":28},"end":{"line":592,"column":null}},"167":{"start":{"line":593,"column":33},"end":{"line":593,"column":null}},"168":{"start":{"line":594,"column":16},"end":{"line":594,"column":null}},"169":{"start":{"line":594,"column":34},"end":{"line":594,"column":null}},"170":{"start":{"line":595,"column":29},"end":{"line":595,"column":null}},"171":{"start":{"line":597,"column":57},"end":{"line":597,"column":null}},"172":{"start":{"line":598,"column":16},"end":{"line":601,"column":null}},"173":{"start":{"line":599,"column":33},"end":{"line":599,"column":null}},"174":{"start":{"line":600,"column":20},"end":{"line":600,"column":null}},"175":{"start":{"line":603,"column":39},"end":{"line":605,"column":null}},"176":{"start":{"line":604,"column":44},"end":{"line":604,"column":49}},"177":{"start":{"line":607,"column":32},"end":{"line":607,"column":null}},"178":{"start":{"line":609,"column":16},"end":{"line":617,"column":null}},"179":{"start":{"line":615,"column":87},"end":{"line":615,"column":115}},"180":{"start":{"line":620,"column":12},"end":{"line":638,"column":null}},"181":{"start":{"line":621,"column":49},"end":{"line":621,"column":null}},"182":{"start":{"line":624,"column":55},"end":{"line":630,"column":null}},"183":{"start":{"line":632,"column":16},"end":{"line":637,"column":null}},"184":{"start":{"line":640,"column":12},"end":{"line":649,"column":null}},"185":{"start":{"line":641,"column":34},"end":{"line":641,"column":null}},"186":{"start":{"line":642,"column":28},"end":{"line":642,"column":null}},"187":{"start":{"line":643,"column":33},"end":{"line":643,"column":null}},"188":{"start":{"line":644,"column":16},"end":{"line":644,"column":null}},"189":{"start":{"line":644,"column":34},"end":{"line":644,"column":null}},"190":{"start":{"line":645,"column":29},"end":{"line":645,"column":null}},"191":{"start":{"line":646,"column":16},"end":{"line":648,"column":null}},"192":{"start":{"line":651,"column":12},"end":{"line":651,"column":null}},"193":{"start":{"line":653,"column":12},"end":{"line":656,"column":null}},"194":{"start":{"line":661,"column":26},"end":{"line":661,"column":null}},"195":{"start":{"line":662,"column":8},"end":{"line":662,"column":null}},"196":{"start":{"line":663,"column":8},"end":{"line":663,"column":null}},"197":{"start":{"line":668,"column":0},"end":{"line":671,"column":null}},"198":{"start":{"line":669,"column":19},"end":{"line":669,"column":null}},"199":{"start":{"line":670,"column":4},"end":{"line":670,"column":null}}},"fnMap":{"0":{"name":"(anonymous_0)","decl":{"start":{"line":186,"column":4},"end":{"line":186,"column":18}},"loc":{"start":{"line":186,"column":18},"end":{"line":202,"column":null}},"line":186},"1":{"name":"(anonymous_1)","decl":{"start":{"line":204,"column":12},"end":{"line":204,"column":28}},"loc":{"start":{"line":204,"column":28},"end":{"line":295,"column":null}},"line":204},"2":{"name":"(anonymous_2)","decl":{"start":{"line":205,"column":62},"end":{"line":205,"column":75}},"loc":{"start":{"line":205,"column":75},"end":{"line":217,"column":10}},"line":205},"3":{"name":"(anonymous_3)","decl":{"start":{"line":219,"column":89},"end":{"line":219,"column":102}},"loc":{"start":{"line":219,"column":102},"end":{"line":228,"column":10}},"line":219},"4":{"name":"(anonymous_4)","decl":{"start":{"line":230,"column":89},"end":{"line":230,"column":96}},"loc":{"start":{"line":230,"column":113},"end":{"line":254,"column":9}},"line":230},"5":{"name":"(anonymous_5)","decl":{"start":{"line":256,"column":87},"end":{"line":256,"column":100}},"loc":{"start":{"line":256,"column":100},"end":{"line":270,"column":10}},"line":256},"6":{"name":"(anonymous_6)","decl":{"start":{"line":272,"column":86},"end":{"line":272,"column":93}},"loc":{"start":{"line":272,"column":110},"end":{"line":289,"column":9}},"line":272},"7":{"name":"(anonymous_7)","decl":{"start":{"line":291,"column":61},"end":{"line":291,"column":68}},"loc":{"start":{"line":291,"column":80},"end":{"line":294,"column":9}},"line":291},"8":{"name":"(anonymous_8)","decl":{"start":{"line":297,"column":17},"end":{"line":297,"column":32}},"loc":{"start":{"line":297,"column":57},"end":{"line":658,"column":null}},"line":297},"9":{"name":"(anonymous_9)","decl":{"start":{"line":320,"column":59},"end":{"line":320,"column":60}},"loc":{"start":{"line":320,"column":72},"end":{"line":328,"column":18}},"line":320},"10":{"name":"(anonymous_10)","decl":{"start":{"line":352,"column":37},"end":{"line":352,"column":38}},"loc":{"start":{"line":352,"column":53},"end":{"line":357,"column":17}},"line":352},"11":{"name":"(anonymous_11)","decl":{"start":{"line":354,"column":39},"end":{"line":354,"column":40}},"loc":{"start":{"line":354,"column":57},"end":{"line":356,"column":21}},"line":354},"12":{"name":"(anonymous_12)","decl":{"start":{"line":360,"column":26},"end":{"line":360,"column":27}},"loc":{"start":{"line":360,"column":44},"end":{"line":360,"column":49}},"line":360},"13":{"name":"(anonymous_13)","decl":{"start":{"line":361,"column":25},"end":{"line":361,"column":26}},"loc":{"start":{"line":361,"column":50},"end":{"line":361,"column":71}},"line":361},"14":{"name":"(anonymous_14)","decl":{"start":{"line":385,"column":37},"end":{"line":385,"column":38}},"loc":{"start":{"line":385,"column":53},"end":{"line":405,"column":17}},"line":385},"15":{"name":"(anonymous_15)","decl":{"start":{"line":387,"column":96},"end":{"line":387,"column":97}},"loc":{"start":{"line":387,"column":108},"end":{"line":387,"column":114}},"line":387},"16":{"name":"(anonymous_16)","decl":{"start":{"line":392,"column":42},"end":{"line":392,"column":43}},"loc":{"start":{"line":392,"column":60},"end":{"line":404,"column":21}},"line":392},"17":{"name":"(anonymous_17)","decl":{"start":{"line":408,"column":28},"end":{"line":408,"column":29}},"loc":{"start":{"line":408,"column":46},"end":{"line":408,"column":85}},"line":408},"18":{"name":"(anonymous_18)","decl":{"start":{"line":409,"column":25},"end":{"line":409,"column":26}},"loc":{"start":{"line":409,"column":47},"end":{"line":414,"column":21}},"line":409},"19":{"name":"(anonymous_19)","decl":{"start":{"line":417,"column":38},"end":{"line":417,"column":39}},"loc":{"start":{"line":417,"column":50},"end":{"line":417,"column":85}},"line":417},"20":{"name":"(anonymous_20)","decl":{"start":{"line":482,"column":68},"end":{"line":482,"column":75}},"loc":{"start":{"line":482,"column":87},"end":{"line":493,"column":21}},"line":482},"21":{"name":"(anonymous_21)","decl":{"start":{"line":496,"column":30},"end":{"line":496,"column":31}},"loc":{"start":{"line":496,"column":40},"end":{"line":496,"column":57}},"line":496},"22":{"name":"(anonymous_22)","decl":{"start":{"line":498,"column":29},"end":{"line":498,"column":30}},"loc":{"start":{"line":498,"column":39},"end":{"line":498,"column":140}},"line":498},"23":{"name":"(anonymous_23)","decl":{"start":{"line":523,"column":29},"end":{"line":523,"column":30}},"loc":{"start":{"line":523,"column":54},"end":{"line":523,"column":86}},"line":523},"24":{"name":"(anonymous_24)","decl":{"start":{"line":560,"column":37},"end":{"line":560,"column":38}},"loc":{"start":{"line":560,"column":49},"end":{"line":570,"column":17}},"line":560},"25":{"name":"(anonymous_25)","decl":{"start":{"line":598,"column":37},"end":{"line":598,"column":38}},"loc":{"start":{"line":598,"column":49},"end":{"line":601,"column":17}},"line":598},"26":{"name":"(anonymous_26)","decl":{"start":{"line":604,"column":26},"end":{"line":604,"column":27}},"loc":{"start":{"line":604,"column":44},"end":{"line":604,"column":49}},"line":604},"27":{"name":"(anonymous_27)","decl":{"start":{"line":615,"column":68},"end":{"line":615,"column":69}},"loc":{"start":{"line":615,"column":87},"end":{"line":615,"column":115}},"line":615},"28":{"name":"(anonymous_28)","decl":{"start":{"line":660,"column":17},"end":{"line":660,"column":23}},"loc":{"start":{"line":660,"column":23},"end":{"line":664,"column":null}},"line":660}},"branchMap":{"0":{"loc":{"start":{"line":231,"column":12},"end":{"line":252,"column":null}},"type":"if","locations":[{"start":{"line":231,"column":12},"end":{"line":252,"column":null}},{"start":{},"end":{}}],"line":231},"1":{"loc":{"start":{"line":273,"column":12},"end":{"line":287,"column":null}},"type":"if","locations":[{"start":{"line":273,"column":12},"end":{"line":287,"column":null}},{"start":{},"end":{}}],"line":273},"2":{"loc":{"start":{"line":299,"column":12},"end":{"line":336,"column":null}},"type":"if","locations":[{"start":{"line":299,"column":12},"end":{"line":336,"column":null}},{"start":{},"end":{}}],"line":299},"3":{"loc":{"start":{"line":300,"column":63},"end":{"line":300,"column":78}},"type":"default-arg","locations":[{"start":{"line":300,"column":76},"end":{"line":300,"column":78}}],"line":300},"4":{"loc":{"start":{"line":306,"column":16},"end":{"line":306,"column":null}},"type":"if","locations":[{"start":{"line":306,"column":16},"end":{"line":306,"column":null}},{"start":{},"end":{}}],"line":306},"5":{"loc":{"start":{"line":307,"column":16},"end":{"line":307,"column":null}},"type":"if","locations":[{"start":{"line":307,"column":16},"end":{"line":307,"column":null}},{"start":{},"end":{}}],"line":307},"6":{"loc":{"start":{"line":307,"column":20},"end":{"line":307,"column":49}},"type":"binary-expr","locations":[{"start":{"line":307,"column":20},"end":{"line":307,"column":30}},{"start":{"line":307,"column":30},"end":{"line":307,"column":49}}],"line":307},"7":{"loc":{"start":{"line":308,"column":16},"end":{"line":308,"column":null}},"type":"if","locations":[{"start":{"line":308,"column":16},"end":{"line":308,"column":null}},{"start":{},"end":{}}],"line":308},"8":{"loc":{"start":{"line":308,"column":20},"end":{"line":308,"column":57}},"type":"binary-expr","locations":[{"start":{"line":308,"column":20},"end":{"line":308,"column":34}},{"start":{"line":308,"column":34},"end":{"line":308,"column":57}}],"line":308},"9":{"loc":{"start":{"line":313,"column":16},"end":{"line":316,"column":null}},"type":"if","locations":[{"start":{"line":313,"column":16},"end":{"line":316,"column":null}},{"start":{},"end":{}}],"line":313},"10":{"loc":{"start":{"line":324,"column":29},"end":{"line":324,"column":null}},"type":"binary-expr","locations":[{"start":{"line":324,"column":29},"end":{"line":324,"column":91}},{"start":{"line":324,"column":91},"end":{"line":324,"column":null}}],"line":324},"11":{"loc":{"start":{"line":333,"column":39},"end":{"line":333,"column":82}},"type":"binary-expr","locations":[{"start":{"line":333,"column":39},"end":{"line":333,"column":58}},{"start":{"line":333,"column":58},"end":{"line":333,"column":82}}],"line":333},"12":{"loc":{"start":{"line":338,"column":12},"end":{"line":369,"column":null}},"type":"if","locations":[{"start":{"line":338,"column":12},"end":{"line":369,"column":null}},{"start":{},"end":{}}],"line":338},"13":{"loc":{"start":{"line":344,"column":16},"end":{"line":347,"column":null}},"type":"if","locations":[{"start":{"line":344,"column":16},"end":{"line":347,"column":null}},{"start":{},"end":{}}],"line":344},"14":{"loc":{"start":{"line":353,"column":39},"end":{"line":353,"column":null}},"type":"binary-expr","locations":[{"start":{"line":353,"column":39},"end":{"line":353,"column":94}},{"start":{"line":353,"column":94},"end":{"line":353,"column":null}}],"line":353},"15":{"loc":{"start":{"line":355,"column":42},"end":{"line":355,"column":65}},"type":"binary-expr","locations":[{"start":{"line":355,"column":42},"end":{"line":355,"column":60}},{"start":{"line":355,"column":60},"end":{"line":355,"column":65}}],"line":355},"16":{"loc":{"start":{"line":371,"column":12},"end":{"line":426,"column":null}},"type":"if","locations":[{"start":{"line":371,"column":12},"end":{"line":426,"column":null}},{"start":{},"end":{}}],"line":371},"17":{"loc":{"start":{"line":377,"column":16},"end":{"line":380,"column":null}},"type":"if","locations":[{"start":{"line":377,"column":16},"end":{"line":380,"column":null}},{"start":{},"end":{}}],"line":377},"18":{"loc":{"start":{"line":387,"column":42},"end":{"line":387,"column":null}},"type":"binary-expr","locations":[{"start":{"line":387,"column":42},"end":{"line":387,"column":119}},{"start":{"line":387,"column":119},"end":{"line":387,"column":null}}],"line":387},"19":{"loc":{"start":{"line":388,"column":35},"end":{"line":388,"column":null}},"type":"binary-expr","locations":[{"start":{"line":388,"column":35},"end":{"line":388,"column":69}},{"start":{"line":388,"column":69},"end":{"line":388,"column":null}}],"line":388},"20":{"loc":{"start":{"line":393,"column":24},"end":{"line":393,"column":null}},"type":"if","locations":[{"start":{"line":393,"column":24},"end":{"line":393,"column":null}},{"start":{},"end":{}}],"line":393},"21":{"loc":{"start":{"line":394,"column":24},"end":{"line":398,"column":null}},"type":"if","locations":[{"start":{"line":394,"column":24},"end":{"line":398,"column":null}},{"start":{},"end":{}}],"line":394},"22":{"loc":{"start":{"line":394,"column":28},"end":{"line":394,"column":68}},"type":"binary-expr","locations":[{"start":{"line":394,"column":28},"end":{"line":394,"column":57}},{"start":{"line":394,"column":57},"end":{"line":394,"column":68}}],"line":394},"23":{"loc":{"start":{"line":395,"column":28},"end":{"line":397,"column":null}},"type":"if","locations":[{"start":{"line":395,"column":28},"end":{"line":397,"column":null}},{"start":{},"end":{}}],"line":395},"24":{"loc":{"start":{"line":395,"column":32},"end":{"line":395,"column":125}},"type":"binary-expr","locations":[{"start":{"line":395,"column":32},"end":{"line":395,"column":64}},{"start":{"line":395,"column":64},"end":{"line":395,"column":125}}],"line":395},"25":{"loc":{"start":{"line":399,"column":24},"end":{"line":403,"column":null}},"type":"if","locations":[{"start":{"line":399,"column":24},"end":{"line":403,"column":null}},{"start":{},"end":{}}],"line":399},"26":{"loc":{"start":{"line":399,"column":28},"end":{"line":399,"column":67}},"type":"binary-expr","locations":[{"start":{"line":399,"column":28},"end":{"line":399,"column":57}},{"start":{"line":399,"column":57},"end":{"line":399,"column":67}}],"line":399},"27":{"loc":{"start":{"line":400,"column":28},"end":{"line":402,"column":null}},"type":"if","locations":[{"start":{"line":400,"column":28},"end":{"line":402,"column":null}},{"start":{},"end":{}}],"line":400},"28":{"loc":{"start":{"line":400,"column":32},"end":{"line":400,"column":130}},"type":"binary-expr","locations":[{"start":{"line":400,"column":32},"end":{"line":400,"column":67}},{"start":{"line":400,"column":67},"end":{"line":400,"column":130}}],"line":400},"29":{"loc":{"start":{"line":408,"column":46},"end":{"line":408,"column":85}},"type":"binary-expr","locations":[{"start":{"line":408,"column":46},"end":{"line":408,"column":66}},{"start":{"line":408,"column":66},"end":{"line":408,"column":85}}],"line":408},"30":{"loc":{"start":{"line":416,"column":36},"end":{"line":418,"column":null}},"type":"cond-expr","locations":[{"start":{"line":416,"column":53},"end":{"line":417,"column":null}},{"start":{"line":418,"column":22},"end":{"line":418,"column":null}}],"line":416},"31":{"loc":{"start":{"line":428,"column":12},"end":{"line":474,"column":null}},"type":"if","locations":[{"start":{"line":428,"column":12},"end":{"line":474,"column":null}},{"start":{},"end":{}}],"line":428},"32":{"loc":{"start":{"line":434,"column":16},"end":{"line":434,"column":null}},"type":"if","locations":[{"start":{"line":434,"column":16},"end":{"line":434,"column":null}},{"start":{},"end":{}}],"line":434},"33":{"loc":{"start":{"line":437,"column":38},"end":{"line":438,"column":null}},"type":"binary-expr","locations":[{"start":{"line":437,"column":38},"end":{"line":437,"column":null}},{"start":{"line":438,"column":20},"end":{"line":438,"column":null}}],"line":437},"34":{"loc":{"start":{"line":456,"column":31},"end":{"line":456,"column":null}},"type":"binary-expr","locations":[{"start":{"line":456,"column":31},"end":{"line":456,"column":51}},{"start":{"line":456,"column":51},"end":{"line":456,"column":null}}],"line":456},"35":{"loc":{"start":{"line":476,"column":12},"end":{"line":532,"column":null}},"type":"if","locations":[{"start":{"line":476,"column":12},"end":{"line":532,"column":null}},{"start":{},"end":{}}],"line":476},"36":{"loc":{"start":{"line":481,"column":16},"end":{"line":506,"column":null}},"type":"if","locations":[{"start":{"line":481,"column":16},"end":{"line":506,"column":null}},{"start":{},"end":{}}],"line":481},"37":{"loc":{"start":{"line":484,"column":24},"end":{"line":484,"column":null}},"type":"if","locations":[{"start":{"line":484,"column":24},"end":{"line":484,"column":null}},{"start":{},"end":{}}],"line":484},"38":{"loc":{"start":{"line":487,"column":24},"end":{"line":490,"column":null}},"type":"if","locations":[{"start":{"line":487,"column":24},"end":{"line":490,"column":null}},{"start":{},"end":{}}],"line":487},"39":{"loc":{"start":{"line":492,"column":49},"end":{"line":492,"column":70}},"type":"binary-expr","locations":[{"start":{"line":492,"column":49},"end":{"line":492,"column":68}},{"start":{"line":492,"column":68},"end":{"line":492,"column":70}}],"line":492},"40":{"loc":{"start":{"line":498,"column":52},"end":{"line":498,"column":107}},"type":"cond-expr","locations":[{"start":{"line":498,"column":62},"end":{"line":498,"column":69}},{"start":{"line":498,"column":69},"end":{"line":498,"column":107}}],"line":498},"41":{"loc":{"start":{"line":498,"column":69},"end":{"line":498,"column":107}},"type":"cond-expr","locations":[{"start":{"line":498,"column":79},"end":{"line":498,"column":86}},{"start":{"line":498,"column":86},"end":{"line":498,"column":107}}],"line":498},"42":{"loc":{"start":{"line":498,"column":86},"end":{"line":498,"column":107}},"type":"cond-expr","locations":[{"start":{"line":498,"column":96},"end":{"line":498,"column":103}},{"start":{"line":498,"column":103},"end":{"line":498,"column":107}}],"line":498},"43":{"loc":{"start":{"line":503,"column":57},"end":{"line":503,"column":75}},"type":"binary-expr","locations":[{"start":{"line":503,"column":57},"end":{"line":503,"column":66}},{"start":{"line":503,"column":66},"end":{"line":503,"column":75}}],"line":503},"44":{"loc":{"start":{"line":508,"column":16},"end":{"line":531,"column":null}},"type":"if","locations":[{"start":{"line":508,"column":16},"end":{"line":531,"column":null}},{"start":{},"end":{}}],"line":508},"45":{"loc":{"start":{"line":534,"column":12},"end":{"line":588,"column":null}},"type":"if","locations":[{"start":{"line":534,"column":12},"end":{"line":588,"column":null}},{"start":{},"end":{}}],"line":534},"46":{"loc":{"start":{"line":537,"column":16},"end":{"line":537,"column":null}},"type":"if","locations":[{"start":{"line":537,"column":16},"end":{"line":537,"column":null}},{"start":{},"end":{}}],"line":537},"47":{"loc":{"start":{"line":538,"column":16},"end":{"line":538,"column":null}},"type":"if","locations":[{"start":{"line":538,"column":16},"end":{"line":538,"column":null}},{"start":{},"end":{}}],"line":538},"48":{"loc":{"start":{"line":540,"column":36},"end":{"line":540,"column":null}},"type":"cond-expr","locations":[{"start":{"line":540,"column":60},"end":{"line":540,"column":89}},{"start":{"line":540,"column":89},"end":{"line":540,"column":null}}],"line":540},"49":{"loc":{"start":{"line":545,"column":16},"end":{"line":548,"column":null}},"type":"if","locations":[{"start":{"line":545,"column":16},"end":{"line":548,"column":null}},{"start":{},"end":{}}],"line":545},"50":{"loc":{"start":{"line":552,"column":27},"end":{"line":552,"column":null}},"type":"binary-expr","locations":[{"start":{"line":552,"column":27},"end":{"line":552,"column":46}},{"start":{"line":552,"column":46},"end":{"line":552,"column":null}}],"line":552},"51":{"loc":{"start":{"line":564,"column":20},"end":{"line":567,"column":null}},"type":"if","locations":[{"start":{"line":564,"column":20},"end":{"line":567,"column":null}},{"start":{"line":564,"column":54},"end":{"line":567,"column":null}}],"line":564},"52":{"loc":{"start":{"line":564,"column":54},"end":{"line":567,"column":null}},"type":"if","locations":[{"start":{"line":564,"column":54},"end":{"line":567,"column":null}},{"start":{"line":565,"column":60},"end":{"line":567,"column":null}}],"line":564},"53":{"loc":{"start":{"line":565,"column":60},"end":{"line":567,"column":null}},"type":"if","locations":[{"start":{"line":565,"column":60},"end":{"line":567,"column":null}},{"start":{"line":567,"column":25},"end":{"line":567,"column":null}}],"line":565},"54":{"loc":{"start":{"line":569,"column":20},"end":{"line":569,"column":null}},"type":"if","locations":[{"start":{"line":569,"column":20},"end":{"line":569,"column":null}},{"start":{},"end":{}}],"line":569},"55":{"loc":{"start":{"line":572,"column":36},"end":{"line":574,"column":null}},"type":"cond-expr","locations":[{"start":{"line":572,"column":54},"end":{"line":573,"column":null}},{"start":{"line":574,"column":22},"end":{"line":574,"column":null}}],"line":572},"56":{"loc":{"start":{"line":579,"column":77},"end":{"line":579,"column":109}},"type":"binary-expr","locations":[{"start":{"line":579,"column":77},"end":{"line":579,"column":90}},{"start":{"line":579,"column":90},"end":{"line":579,"column":101}},{"start":{"line":579,"column":101},"end":{"line":579,"column":109}}],"line":579},"57":{"loc":{"start":{"line":590,"column":12},"end":{"line":618,"column":null}},"type":"if","locations":[{"start":{"line":590,"column":12},"end":{"line":618,"column":null}},{"start":{},"end":{}}],"line":590},"58":{"loc":{"start":{"line":594,"column":16},"end":{"line":594,"column":null}},"type":"if","locations":[{"start":{"line":594,"column":16},"end":{"line":594,"column":null}},{"start":{},"end":{}}],"line":594},"59":{"loc":{"start":{"line":599,"column":33},"end":{"line":599,"column":null}},"type":"binary-expr","locations":[{"start":{"line":599,"column":33},"end":{"line":599,"column":95}},{"start":{"line":599,"column":95},"end":{"line":599,"column":null}}],"line":599},"60":{"loc":{"start":{"line":600,"column":38},"end":{"line":600,"column":61}},"type":"binary-expr","locations":[{"start":{"line":600,"column":38},"end":{"line":600,"column":56}},{"start":{"line":600,"column":56},"end":{"line":600,"column":61}}],"line":600},"61":{"loc":{"start":{"line":607,"column":32},"end":{"line":607,"column":null}},"type":"cond-expr","locations":[{"start":{"line":607,"column":61},"end":{"line":607,"column":80}},{"start":{"line":607,"column":80},"end":{"line":607,"column":null}}],"line":607},"62":{"loc":{"start":{"line":607,"column":80},"end":{"line":607,"column":null}},"type":"cond-expr","locations":[{"start":{"line":607,"column":108},"end":{"line":607,"column":121}},{"start":{"line":607,"column":121},"end":{"line":607,"column":null}}],"line":607},"63":{"loc":{"start":{"line":620,"column":12},"end":{"line":638,"column":null}},"type":"if","locations":[{"start":{"line":620,"column":12},"end":{"line":638,"column":null}},{"start":{},"end":{}}],"line":620},"64":{"loc":{"start":{"line":621,"column":24},"end":{"line":621,"column":45}},"type":"default-arg","locations":[{"start":{"line":621,"column":35},"end":{"line":621,"column":45}}],"line":621},"65":{"loc":{"start":{"line":635,"column":94},"end":{"line":635,"column":128}},"type":"binary-expr","locations":[{"start":{"line":635,"column":94},"end":{"line":635,"column":114}},{"start":{"line":635,"column":114},"end":{"line":635,"column":128}}],"line":635},"66":{"loc":{"start":{"line":640,"column":12},"end":{"line":649,"column":null}},"type":"if","locations":[{"start":{"line":640,"column":12},"end":{"line":649,"column":null}},{"start":{},"end":{}}],"line":640},"67":{"loc":{"start":{"line":644,"column":16},"end":{"line":644,"column":null}},"type":"if","locations":[{"start":{"line":644,"column":16},"end":{"line":644,"column":null}},{"start":{},"end":{}}],"line":644},"68":{"loc":{"start":{"line":668,"column":0},"end":{"line":671,"column":null}},"type":"if","locations":[{"start":{"line":668,"column":0},"end":{"line":671,"column":null}},{"start":{},"end":{}}],"line":668}},"s":{"0":1,"1":1,"2":1,"3":1,"4":1,"5":1,"6":1,"7":1,"8":1,"9":12,"10":12,"11":12,"12":0,"13":12,"14":0,"15":12,"16":0,"17":0,"18":0,"19":12,"20":0,"21":12,"22":0,"23":0,"24":0,"25":0,"26":12,"27":0,"28":0,"29":16,"30":16,"31":2,"32":2,"33":2,"34":0,"35":2,"36":0,"37":2,"38":0,"39":2,"40":2,"41":2,"42":1,"43":1,"44":1,"45":1,"46":1,"47":1,"48":14,"49":2,"50":2,"51":2,"52":2,"53":1,"54":1,"55":1,"56":1,"57":1,"58":3,"59":3,"60":3,"61":1,"62":1,"63":2,"64":1,"65":12,"66":1,"67":1,"68":1,"69":1,"70":0,"71":0,"72":1,"73":1,"74":1,"75":2,"76":2,"77":2,"78":2,"79":2,"80":2,"81":2,"82":2,"83":1,"84":2,"85":1,"86":1,"87":2,"88":1,"89":1,"90":1,"91":1,"92":1,"93":1,"94":1,"95":1,"96":1,"97":1,"98":1,"99":11,"100":1,"101":1,"102":1,"103":1,"104":0,"105":1,"106":1,"107":1,"108":1,"109":1,"110":1,"111":10,"112":2,"113":2,"114":2,"115":1,"116":10,"117":10,"118":10,"119":10,"120":10,"121":10,"122":0,"123":0,"124":10,"125":10,"126":1,"127":9,"128":10,"129":1,"130":1,"131":1,"132":1,"133":10,"134":1,"135":8,"136":1,"137":1,"138":1,"139":1,"140":1,"141":0,"142":1,"143":1,"144":1,"145":1,"146":0,"147":0,"148":1,"149":1,"150":1,"151":2,"152":2,"153":2,"154":1,"155":1,"156":1,"157":0,"158":0,"159":0,"160":2,"161":1,"162":1,"163":1,"164":7,"165":1,"166":1,"167":1,"168":1,"169":0,"170":1,"171":1,"172":1,"173":2,"174":2,"175":1,"176":1,"177":1,"178":1,"179":2,"180":6,"181":5,"182":5,"183":5,"184":1,"185":0,"186":0,"187":0,"188":0,"189":0,"190":0,"191":0,"192":1,"193":3,"194":0,"195":0,"196":0,"197":1,"198":0,"199":0},"f":{"0":12,"1":12,"2":0,"3":0,"4":0,"5":0,"6":0,"7":0,"8":16,"9":1,"10":3,"11":3,"12":1,"13":2,"14":2,"15":2,"16":2,"17":1,"18":1,"19":1,"20":10,"21":9,"22":10,"23":10,"24":2,"25":2,"26":1,"27":2,"28":0},"b":{"0":[0,0],"1":[0,0],"2":[2,14],"3":[2],"4":[0,2],"5":[0,2],"6":[2,0],"7":[0,2],"8":[2,0],"9":[1,1],"10":[1,1],"11":[1,0],"12":[2,12],"13":[1,1],"14":[3,0],"15":[3,2],"16":[1,11],"17":[0,1],"18":[2,0],"19":[2,0],"20":[1,1],"21":[1,1],"22":[2,1],"23":[1,0],"24":[1,0],"25":[1,1],"26":[2,1],"27":[1,0],"28":[1,0],"29":[1,1],"30":[1,0],"31":[1,10],"32":[0,1],"33":[1,0],"34":[1,0],"35":[2,8],"36":[1,1],"37":[10,0],"38":[0,10],"39":[10,0],"40":[1,9],"41":[1,8],"42":[1,7],"43":[1,0],"44":[1,0],"45":[1,7],"46":[1,0],"47":[0,1],"48":[1,0],"49":[0,1],"50":[1,0],"51":[1,1],"52":[1,0],"53":[0,0],"54":[1,1],"55":[1,0],"56":[1,1,0],"57":[1,6],"58":[0,1],"59":[2,1],"60":[2,2],"61":[0,1],"62":[0,1],"63":[5,1],"64":[5],"65":[5,0],"66":[0,1],"67":[0,0],"68":[0,1]},"meta":{"lastBranch":69,"lastFunction":29,"lastStatement":200,"seen":{"s:10:40:49:Infinity":0,"s:51:36:64:Infinity":1,"s:66:39:79:Infinity":2,"s:81:50:94:Infinity":3,"s:96:44:113:Infinity":4,"s:115:44:131:Infinity":5,"s:133:52:146:Infinity":6,"s:148:46:161:Infinity":7,"s:163:42:181:Infinity":8,"f:186:4:186:18":0,"s:187:8:199:Infinity":9,"s:201:8:201:Infinity":10,"f:204:12:204:28":1,"s:205:8:217:Infinity":11,"f:205:62:205:75":2,"s:205:75:217:10":12,"s:219:8:228:Infinity":13,"f:219:89:219:102":3,"s:219:102:228:10":14,"s:230:8:254:Infinity":15,"f:230:89:230:96":4,"b:231:12:252:Infinity:undefined:undefined:undefined:undefined":0,"s:231:12:252:Infinity":16,"s:232:16:251:Infinity":17,"s:253:12:253:Infinity":18,"s:256:8:270:Infinity":19,"f:256:87:256:100":5,"s:256:100:270:10":20,"s:272:8:289:Infinity":21,"f:272:86:272:93":6,"b:273:12:287:Infinity:undefined:undefined:undefined:undefined":1,"s:273:12:287:Infinity":22,"s:274:34:274:Infinity":23,"s:275:16:286:Infinity":24,"s:288:12:288:Infinity":25,"s:291:8:294:Infinity":26,"f:291:61:291:68":7,"s:292:46:292:Infinity":27,"s:293:12:293:Infinity":28,"f:297:17:297:32":8,"s:298:8:657:Infinity":29,"b:299:12:336:Infinity:undefined:undefined:undefined:undefined":2,"s:299:12:336:Infinity":30,"s:300:82:300:Infinity":31,"b:300:76:300:78":3,"s:304:26:304:Infinity":32,"b:306:16:306:Infinity:undefined:undefined:undefined:undefined":4,"s:306:16:306:Infinity":33,"s:306:28:306:Infinity":34,"b:307:16:307:Infinity:undefined:undefined:undefined:undefined":5,"s:307:16:307:Infinity":35,"b:307:20:307:30:307:30:307:49":6,"s:307:49:307:Infinity":36,"b:308:16:308:Infinity:undefined:undefined:undefined:undefined":7,"s:308:16:308:Infinity":37,"b:308:20:308:34:308:34:308:57":8,"s:308:57:308:Infinity":38,"s:310:16:310:Infinity":39,"s:312:33:312:Infinity":40,"b:313:16:316:Infinity:undefined:undefined:undefined:undefined":9,"s:313:16:316:Infinity":41,"s:314:38:314:Infinity":42,"s:315:20:315:Infinity":43,"s:317:29:317:Infinity":44,"s:320:42:328:Infinity":45,"f:320:59:320:60":9,"s:320:72:328:18":46,"b:324:29:324:91:324:91:324:Infinity":10,"s:330:16:335:Infinity":47,"b:333:39:333:58:333:58:333:82":11,"b:338:12:369:Infinity:undefined:undefined:undefined:undefined":12,"s:338:12:369:Infinity":48,"s:339:36:339:Infinity":49,"s:341:28:341:Infinity":50,"s:343:33:343:Infinity":51,"b:344:16:347:Infinity:undefined:undefined:undefined:undefined":13,"s:344:16:347:Infinity":52,"s:345:38:345:Infinity":53,"s:346:20:346:Infinity":54,"s:348:29:348:Infinity":55,"s:351:57:351:Infinity":56,"s:352:16:357:Infinity":57,"f:352:37:352:38":10,"s:353:39:353:Infinity":58,"b:353:39:353:94:353:94:353:Infinity":14,"s:354:20:356:Infinity":59,"f:354:39:354:40":11,"s:355:24:355:Infinity":60,"b:355:42:355:60:355:60:355:65":15,"s:359:39:361:Infinity":61,"f:360:26:360:27":12,"s:360:44:360:49":62,"f:361:25:361:26":13,"s:361:50:361:71":63,"s:363:16:368:Infinity":64,"b:371:12:426:Infinity:undefined:undefined:undefined:undefined":16,"s:371:12:426:Infinity":65,"s:372:36:372:Infinity":66,"s:374:28:374:Infinity":67,"s:376:33:376:Infinity":68,"b:377:16:380:Infinity:undefined:undefined:undefined:undefined":17,"s:377:16:380:Infinity":69,"s:378:38:378:Infinity":70,"s:379:20:379:Infinity":71,"s:381:29:381:Infinity":72,"s:383:97:383:Infinity":73,"s:385:16:405:Infinity":74,"f:385:37:385:38":14,"s:386:37:386:Infinity":75,"s:387:42:387:Infinity":76,"b:387:42:387:119:387:119:387:Infinity":18,"f:387:96:387:97":15,"s:387:108:387:114":77,"s:388:35:388:Infinity":78,"b:388:35:388:69:388:69:388:Infinity":19,"s:389:38:389:Infinity":79,"s:390:37:390:Infinity":80,"s:392:20:404:Infinity":81,"f:392:42:392:43":16,"b:393:24:393:Infinity:undefined:undefined:undefined:undefined":20,"s:393:24:393:Infinity":82,"s:393:50:393:Infinity":83,"b:394:24:398:Infinity:undefined:undefined:undefined:undefined":21,"s:394:24:398:Infinity":84,"b:394:28:394:57:394:57:394:68":22,"b:395:28:397:Infinity:undefined:undefined:undefined:undefined":23,"s:395:28:397:Infinity":85,"b:395:32:395:64:395:64:395:125":24,"s:396:32:396:Infinity":86,"b:399:24:403:Infinity:undefined:undefined:undefined:undefined":25,"s:399:24:403:Infinity":87,"b:399:28:399:57:399:57:399:67":26,"b:400:28:402:Infinity:undefined:undefined:undefined:undefined":27,"s:400:28:402:Infinity":88,"b:400:32:400:67:400:67:400:130":28,"s:401:32:401:Infinity":89,"s:407:32:414:Infinity":90,"f:408:28:408:29":17,"s:408:46:408:85":91,"b:408:46:408:66:408:66:408:85":29,"f:409:25:409:26":18,"s:410:38:410:Infinity":92,"s:411:36:411:Infinity":93,"s:412:30:412:Infinity":94,"s:413:24:413:Infinity":95,"s:416:36:418:Infinity":96,"b:416:53:417:Infinity:418:22:418:Infinity":30,"f:417:38:417:39":19,"s:417:50:417:85":97,"s:420:16:425:Infinity":98,"b:428:12:474:Infinity:undefined:undefined:undefined:undefined":31,"s:428:12:474:Infinity":99,"s:429:43:429:Infinity":100,"s:432:33:432:Infinity":101,"s:433:33:433:Infinity":102,"b:434:16:434:Infinity:undefined:undefined:undefined:undefined":32,"s:434:16:434:Infinity":103,"s:434:34:434:Infinity":104,"s:435:34:435:Infinity":105,"s:437:38:438:Infinity":106,"b:437:38:437:Infinity:438:20:438:Infinity":33,"s:441:56:454:Infinity":107,"s:456:31:456:Infinity":108,"b:456:31:456:51:456:51:456:Infinity":34,"s:459:22:459:Infinity":109,"s:461:16:473:Infinity":110,"b:476:12:532:Infinity:undefined:undefined:undefined:undefined":35,"s:476:12:532:Infinity":111,"s:477:42:477:Infinity":112,"s:479:34:479:Infinity":113,"b:481:16:506:Infinity:undefined:undefined:undefined:undefined":36,"s:481:16:506:Infinity":114,"s:482:36:493:Infinity":115,"f:482:68:482:75":20,"s:483:36:483:Infinity":116,"b:484:24:484:Infinity:undefined:undefined:undefined:undefined":37,"s:484:24:484:Infinity":117,"s:484:35:484:Infinity":118,"s:485:36:485:Infinity":119,"s:486:36:486:Infinity":120,"b:487:24:490:Infinity:undefined:undefined:undefined:undefined":38,"s:487:24:490:Infinity":121,"s:488:28:488:Infinity":122,"s:489:28:489:Infinity":123,"s:491:37:491:Infinity":124,"s:492:24:492:Infinity":125,"b:492:49:492:68:492:68:492:70":39,"s:495:40:498:Infinity":126,"f:496:30:496:31":21,"s:496:40:496:57":127,"f:498:29:498:30":22,"s:498:39:498:140":128,"b:498:62:498:69:498:69:498:107":40,"b:498:79:498:86:498:86:498:107":41,"b:498:96:498:103:498:103:498:107":42,"s:500:20:505:Infinity":129,"b:503:57:503:66:503:66:503:75":43,"b:508:16:531:Infinity:undefined:undefined:undefined:undefined":44,"s:508:16:531:Infinity":130,"s:509:63:520:Infinity":131,"s:522:40:523:Infinity":132,"f:523:29:523:30":23,"s:523:54:523:86":133,"s:525:20:530:Infinity":134,"b:534:12:588:Infinity:undefined:undefined:undefined:undefined":45,"s:534:12:588:Infinity":135,"s:535:47:535:Infinity":136,"s:536:33:536:Infinity":137,"b:537:16:537:Infinity:undefined:undefined:undefined:undefined":46,"s:537:16:537:Infinity":138,"s:537:29:537:Infinity":139,"b:538:16:538:Infinity:undefined:undefined:undefined:undefined":47,"s:538:16:538:Infinity":140,"s:538:31:538:Infinity":141,"s:540:36:540:Infinity":142,"b:540:60:540:89:540:89:540:Infinity":48,"s:543:28:543:Infinity":143,"s:544:33:544:Infinity":144,"b:545:16:548:Infinity:undefined:undefined:undefined:undefined":49,"s:545:16:548:Infinity":145,"s:546:38:546:Infinity":146,"s:547:20:547:Infinity":147,"s:549:29:549:Infinity":148,"s:551:30:558:Infinity":149,"b:552:27:552:46:552:46:552:Infinity":50,"s:560:16:570:Infinity":150,"f:560:37:560:38":24,"s:561:35:561:Infinity":151,"s:562:36:562:Infinity":152,"b:564:20:567:Infinity:564:54:567:Infinity":51,"s:564:20:567:Infinity":153,"s:564:48:564:Infinity":154,"b:564:54:567:Infinity:565:60:567:Infinity":52,"s:564:54:567:Infinity":155,"s:565:54:565:Infinity":156,"b:565:60:567:Infinity:567:25:567:Infinity":53,"s:565:60:567:Infinity":157,"s:566:53:566:Infinity":158,"s:567:25:567:Infinity":159,"b:569:20:569:Infinity:undefined:undefined:undefined:undefined":54,"s:569:20:569:Infinity":160,"s:569:33:569:Infinity":161,"s:572:36:574:Infinity":162,"b:572:54:573:Infinity:574:22:574:Infinity":55,"s:576:16:587:Infinity":163,"b:579:77:579:90:579:90:579:101:579:101:579:109":56,"b:590:12:618:Infinity:undefined:undefined:undefined:undefined":57,"s:590:12:618:Infinity":164,"s:591:38:591:Infinity":165,"s:592:28:592:Infinity":166,"s:593:33:593:Infinity":167,"b:594:16:594:Infinity:undefined:undefined:undefined:undefined":58,"s:594:16:594:Infinity":168,"s:594:34:594:Infinity":169,"s:595:29:595:Infinity":170,"s:597:57:597:Infinity":171,"s:598:16:601:Infinity":172,"f:598:37:598:38":25,"s:599:33:599:Infinity":173,"b:599:33:599:95:599:95:599:Infinity":59,"s:600:20:600:Infinity":174,"b:600:38:600:56:600:56:600:61":60,"s:603:39:605:Infinity":175,"f:604:26:604:27":26,"s:604:44:604:49":176,"s:607:32:607:Infinity":177,"b:607:61:607:80:607:80:607:Infinity":61,"b:607:108:607:121:607:121:607:Infinity":62,"s:609:16:617:Infinity":178,"f:615:68:615:69":27,"s:615:87:615:115":179,"b:620:12:638:Infinity:undefined:undefined:undefined:undefined":63,"s:620:12:638:Infinity":180,"s:621:49:621:Infinity":181,"b:621:35:621:45":64,"s:624:55:630:Infinity":182,"s:632:16:637:Infinity":183,"b:635:94:635:114:635:114:635:128":65,"b:640:12:649:Infinity:undefined:undefined:undefined:undefined":66,"s:640:12:649:Infinity":184,"s:641:34:641:Infinity":185,"s:642:28:642:Infinity":186,"s:643:33:643:Infinity":187,"b:644:16:644:Infinity:undefined:undefined:undefined:undefined":67,"s:644:16:644:Infinity":188,"s:644:34:644:Infinity":189,"s:645:29:645:Infinity":190,"s:646:16:648:Infinity":191,"s:651:12:651:Infinity":192,"s:653:12:656:Infinity":193,"f:660:17:660:23":28,"s:661:26:661:Infinity":194,"s:662:8:662:Infinity":195,"s:663:8:663:Infinity":196,"b:668:0:671:Infinity:undefined:undefined:undefined:undefined":68,"s:668:0:671:Infinity":197,"s:669:19:669:Infinity":198,"s:670:4:670:Infinity":199}}}
}
